Arguments: 
  /usr/local/bin/node /usr/local/bin/yarn add three -S

PATH: 
  /usr/local/Cellar/mongodb/4.0.0/bin:/usr/local/bin:/usr/bin:/bin:/usr/sbin:/sbin:/usr/local/Cellar/mongodb/4.0.0/bin

Yarn version: 
  1.16.0

Node version: 
  16.14.0

Platform: 
  darwin x64

Trace: 
  Error: ENOENT: no such file or directory, copyfile '/Users/adolfvictor/Library/Caches/Yarn/v4/npm-ansi-regex-5.0.1-082cb2c89c9fe8659a311a53bd6a4dc5301db304/node_modules/ansi-regex/index.d.ts' -> '/Users/adolfvictor/gitHubProject/threeJs/node_modules/renderkid/node_modules/ansi-regex/index.d.ts'

npm manifest: 
  {
    "name": "threejs",
    "version": "1.0.0",
    "description": "three all object.  [官方文档](http://www.webgl3d.cn/threejs/docs/#manual/zh/introduction/Creating-a-scene)",
    "private": true,
    "scripts": {
      "serve": "webpack serve --open",
      "build": "webpack"
    },
    "repository": {
      "type": "git",
      "url": "git+https://github.com/AdolfStong/threeJs.git"
    },
    "keywords": [
      "Shentong",
      ".950219"
    ],
    "author": "shentong",
    "license": "ISC",
    "bugs": {
      "url": "https://github.com/AdolfStong/threeJs/issues"
    },
    "homepage": "https://github.com/AdolfStong/threeJs#readme",
    "dependencies": {
      "lodash": "^4.17.21",
      "three": "^0.138.2"
    },
    "devDependencies": {
      "html-webpack-plugin": "^5.5.0",
      "webpack": "^5.69.1",
      "webpack-cli": "^4.9.2",
      "webpack-dev-server": "^4.7.4"
    }
  }

yarn manifest: 
  No manifest

Lockfile: 
  # THIS IS AN AUTOGENERATED FILE. DO NOT EDIT THIS FILE DIRECTLY.
  # yarn lockfile v1
  
  
  three@^0.138.2:
    version "0.138.2"
    resolved "https://registry.npmmirror.com/three/-/three-0.138.2.tgz#946c7c550b58e16606343cec0e44715e8865c04e"
    integrity sha512-l49+mdqpevKIk7ByLmt7cc5RdSwSnZ6rP1cLe8VCI/++c0/6AFYyHw6xjT2VyXYxodCnDSw7iARjKL2MlHVCOg==
